node:internal/modules/cjs/loader:1029
  throw err;
  ^

Error: Cannot find module 'express'
Require stack:
- /home/unityaqua/public_html/admin.unityaqua.in/index.js
- /usr/local/lsws/fcgi-bin/lsnode.js
    at Function.Module._resolveFilename (node:internal/modules/cjs/loader:1026:15)
    at Function.Module._load (node:internal/modules/cjs/loader:871:27)
    at Module.require (node:internal/modules/cjs/loader:1098:19)
    at require (node:internal/modules/cjs/helpers:108:18)
    at Object.<anonymous> (/home/unityaqua/public_html/admin.unityaqua.in/index.js:1:17)
    at Module._compile (node:internal/modules/cjs/loader:1196:14)
    at Object.Module._extensions..js (node:internal/modules/cjs/loader:1250:10)
    at Module.load (node:internal/modules/cjs/loader:1074:32)
    at Function.Module._load (node:internal/modules/cjs/loader:909:12)
    at Module.require (node:internal/modules/cjs/loader:1098:19) {
  code: 'MODULE_NOT_FOUND',
  requireStack: [
    '/home/unityaqua/public_html/admin.unityaqua.in/index.js',
    '/usr/local/lsws/fcgi-bin/lsnode.js'
  ]
}
node:internal/modules/cjs/loader:1029
  throw err;
  ^

Error: Cannot find module 'express'
Require stack:
- /home/unityaqua/public_html/admin.unityaqua.in/index.js
- /usr/local/lsws/fcgi-bin/lsnode.js
    at Function.Module._resolveFilename (node:internal/modules/cjs/loader:1026:15)
    at Function.Module._load (node:internal/modules/cjs/loader:871:27)
    at Module.require (node:internal/modules/cjs/loader:1098:19)
    at require (node:internal/modules/cjs/helpers:108:18)
    at Object.<anonymous> (/home/unityaqua/public_html/admin.unityaqua.in/index.js:1:17)
    at Module._compile (node:internal/modules/cjs/loader:1196:14)
    at Object.Module._extensions..js (node:internal/modules/cjs/loader:1250:10)
    at Module.load (node:internal/modules/cjs/loader:1074:32)
    at Function.Module._load (node:internal/modules/cjs/loader:909:12)
    at Module.require (node:internal/modules/cjs/loader:1098:19) {
  code: 'MODULE_NOT_FOUND',
  requireStack: [
    '/home/unityaqua/public_html/admin.unityaqua.in/index.js',
    '/usr/local/lsws/fcgi-bin/lsnode.js'
  ]
}
Exception ignored in: <_io.TextIOWrapper name='<stdout>' mode='w' encoding='utf-8'>
BrokenPipeError: [Errno 32] Broken pipe
